<?xml version="1.0" encoding="UTF-8"?>
<testsuite xmlns:xsi="http://www.w3.org/2001/XMLSchema-instance" xsi:noNamespaceSchemaLocation="https://maven.apache.org/surefire/maven-surefire-plugin/xsd/surefire-test-report.xsd" version="3.0.1" name="programmer.muda.maven.CalculatorTest" time="0.099" tests="1" errors="0" skipped="0" failures="0">
  <properties>
[...]
</properties>
  <testcase name="testAddSucces" classname="programmer.muda.maven.CalculatorTest" time="0.046">
    <system-out><![CDATA[5
]]></system-out>
  </testcase>
</testsuite>